<?xml version="1.0" encoding="UTF-8"?>
<testng-results ignored="0" total="2" passed="2" failed="0" skipped="0">
  <reporter-output>
  </reporter-output>
  <suite started-at="2025-04-17T13:38:52 IST" name="Suite" finished-at="2025-04-17T13:42:07 IST" duration-ms="195018">
    <groups>
    </groups>
    <test started-at="2025-04-17T13:38:52 IST" name="OrderReturnTest" finished-at="2025-04-17T13:40:44 IST" duration-ms="111970">
      <class name="com.Jobsity.tests.OrderReturnTest">
        <test-method is-config="true" signature="Setup()[pri:0, instance:com.Jobsity.tests.OrderReturnTest@233795b6]" started-at="2025-04-17T13:38:52 IST" name="Setup" finished-at="2025-04-17T13:38:57 IST" duration-ms="4314" status="PASS">
          <reporter-output>
          </reporter-output>
        </test-method> <!-- Setup -->
        <test-method signature="verifyOrderReturnFormMsgs()[pri:0, instance:com.Jobsity.tests.OrderReturnTest@233795b6]" started-at="2025-04-17T13:38:57 IST" name="verifyOrderReturnFormMsgs" finished-at="2025-04-17T13:40:44 IST" duration-ms="107046" status="PASS">
          <reporter-output>
          </reporter-output>
        </test-method> <!-- verifyOrderReturnFormMsgs -->
        <test-method is-config="true" signature="tearDown()[pri:0, instance:com.Jobsity.tests.OrderReturnTest@233795b6]" started-at="2025-04-17T13:40:44 IST" name="tearDown" finished-at="2025-04-17T13:40:44 IST" duration-ms="525" status="PASS">
          <reporter-output>
          </reporter-output>
        </test-method> <!-- tearDown -->
      </class> <!-- com.Jobsity.tests.OrderReturnTest -->
    </test> <!-- OrderReturnTest -->
    <test started-at="2025-04-17T13:38:52 IST" name="SignupTest" finished-at="2025-04-17T13:42:07 IST" duration-ms="195018">
      <class name="com.Jobsity.tests.SignupTest">
        <test-method is-config="true" signature="suiteSetup()[pri:0, instance:com.Jobsity.tests.SignupTest@79d8407f]" started-at="2025-04-17T13:38:52 IST" name="suiteSetup" finished-at="2025-04-17T13:38:52 IST" duration-ms="143" status="PASS">
          <reporter-output>
          </reporter-output>
        </test-method> <!-- suiteSetup -->
        <test-method is-config="true" signature="Setup()[pri:0, instance:com.Jobsity.tests.SignupTest@79d8407f]" started-at="2025-04-17T13:38:54 IST" name="Setup" finished-at="2025-04-17T13:38:57 IST" duration-ms="2707" status="PASS">
          <reporter-output>
          </reporter-output>
        </test-method> <!-- Setup -->
        <test-method signature="verifySignupFormErrorMsgs(java.util.LinkedHashMap)[pri:0, instance:com.Jobsity.tests.SignupTest@79d8407f]" started-at="2025-04-17T13:38:57 IST" name="verifySignupFormErrorMsgs" data-provider="getData" finished-at="2025-04-17T13:42:07 IST" duration-ms="189871" status="PASS">
          <params>
            <param index="0">
              <value>
                <![CDATA[{empty-FirstName =MagnetoUser(email=webautomation25520496852@yopmail.com, password=Testing@12345, firstName=, lastName=Cruz, confirmPassword=Testing@12345, errorMsg=This is a required field.), empty-LastName=MagnetoUser(email=webautomation25530443753@yopmail.com, password=Testing@12345, firstName=Xuan, lastName=, confirmPassword=Testing@12345, errorMsg=This is a required field.), empty-Email=MagnetoUser(email=, password=Testing@12345, firstName=Lizzette, lastName=Carolyne, confirmPassword=Testing@12345, errorMsg=This is a required field.), invalid-Email=MagnetoUser(email=abc@yopmail., password=Testing@12345, firstName=Nanette, lastName=Marget, confirmPassword=Testing@12345, errorMsg=Please enter a valid email address (Ex: johndoe@domain.com).), empty-Password=MagnetoUser(email=webautomation25530473353@yopmail.com, password=, firstName=Ty, lastName=Jc, confirmPassword=Testing@12345, errorMsg=This is a required field.), empty-ConfirmPassword=MagnetoUser(email=webautomation25530481553@yopmail.com, password=Testing@12345, firstName=Halley, lastName=Vanda, confirmPassword=, errorMsg=This is a required field.), minimum-LengthPassword=MagnetoUser(email=webautomation25530496553@yopmail.com, password=abc, firstName=Gwendolyn, lastName=Frank, confirmPassword=Testing@12345, errorMsg=Minimum length of this field must be equal or greater than 8 symbols. Leading and trailing spaces will be ignored.), alphaNumeric-Password=MagnetoUser(email=webautomation2554046154@yopmail.com, password=abcyy123, firstName=Lilia, lastName=Kira, confirmPassword=Testing@12345, errorMsg=Minimum of different classes of characters in password is 3. Classes of characters: Lower Case, Upper Case, Digits, Special Characters.)}]]>
              </value>
            </param>
          </params>
          <reporter-output>
          </reporter-output>
        </test-method> <!-- verifySignupFormErrorMsgs -->
        <test-method is-config="true" signature="tearDown()[pri:0, instance:com.Jobsity.tests.SignupTest@79d8407f]" started-at="2025-04-17T13:42:07 IST" name="tearDown" finished-at="2025-04-17T13:42:07 IST" duration-ms="745" status="PASS">
          <reporter-output>
          </reporter-output>
        </test-method> <!-- tearDown -->
      </class> <!-- com.Jobsity.tests.SignupTest -->
    </test> <!-- SignupTest -->
  </suite> <!-- Suite -->
</testng-results>
