<?xml version="1.0" encoding="UTF-8"?>
<testsuite xmlns:xsi="http://www.w3.org/2001/XMLSchema-instance" xsi:noNamespaceSchemaLocation="https://maven.apache.org/surefire/maven-surefire-plugin/xsd/surefire-test-report-3.0.xsd" version="3.0" name="TestSuite" time="136.307" tests="2" errors="0" skipped="0" failures="0">
  <properties>
[...]
</properties>
  <testcase name="verifyOrderReturnFormMsgs" classname="com.Jobsity.tests.OrderReturnTest" time="79.928">
    <system-out><![CDATA[Browser selected =EDGE
Browser selected =EDGE
Test case started = verifySignupFormErrorMsgs
**************************************
######### web ##################
Group found is Regression
Test case started = verifyOrderReturnFormMsgs
Group found is Regression
[email][empty-OrderID] => This is a required field.
Actual Error: This is a required field.
[email][empty-BillingLastName] => This is a required field.
Actual Error: This is a required field.
[email][empty-Email] => This is a required field.
[email][invalid-Email] => Please enter a valid email address (Ex: johndoe@domain.com).
Actual Error: This is a required field.
[zipCode][empty-OrderID] => This is a required field.
Actual Error: Please enter a valid email address (Ex: johndoe@domain.com).
[zipCode][empty-BillingLastName] => This is a required field.
Actual Error: This is a required field.
[zipCode][empty-ZipCode] => This is a required field.
]]></system-out>
    <system-err><![CDATA[SLF4J: Failed to load class "org.slf4j.impl.StaticLoggerBinder".
SLF4J: Defaulting to no-operation (NOP) logger implementation
SLF4J: See http://www.slf4j.org/codes.html#StaticLoggerBinder for further details.
Apr 14, 2025 3:44:18 PM org.openqa.selenium.devtools.CdpVersionFinder findNearestMatch
WARNING: Unable to find CDP implementation matching 135
Apr 14, 2025 3:44:18 PM org.openqa.selenium.chromium.ChromiumDriver lambda$new$5
WARNING: Unable to find version of CDP to use for 135.0.3179.73. You may need to include a dependency on a specific version of the CDP using something similar to `org.seleniumhq.selenium:selenium-devtools-v86:4.16.0` where the version ("v86") matches the version of the chromium-based browser you're using and the version number of the artifact is the same as Selenium's.
Apr 14, 2025 3:44:20 PM org.openqa.selenium.devtools.CdpVersionFinder findNearestMatch
WARNING: Unable to find CDP implementation matching 135
Apr 14, 2025 3:44:20 PM org.openqa.selenium.chromium.ChromiumDriver lambda$new$5
WARNING: Unable to find version of CDP to use for 135.0.3179.73. You may need to include a dependency on a specific version of the CDP using something similar to `org.seleniumhq.selenium:selenium-devtools-v86:4.16.0` where the version ("v86") matches the version of the chromium-based browser you're using and the version number of the artifact is the same as Selenium's.
]]></system-err>
  </testcase>
  <testcase name="verifySignupFormErrorMsgs[{empty-FirstName =MagnetoUser(email=webautomation25110410111@yopmail.com, password=Testing@12345, firstName=, lastName=Bret, confirmPassword=Testing@12345, errorMsg=This is a required field.), empty-LastName=MagnetoUser(email=webautomation25110411311@yopmail.com, password=Testing@12345, firstName=Kenisha, lastName=, confirmPassword=Testing@12345, errorMsg=This is a required field.), empty-Email=MagnetoUser(email=, password=Testing@12345, firstName=Tonita, lastName=Polly, confirmPassword=Testing@12345, errorMsg=This is a required field.), invalid-Email=MagnetoUser(email=abc@yopmail., password=Testing@12345, firstName=Javier, lastName=Angila, confirmPassword=Testing@12345, errorMsg=Please enter a valid email address (Ex: johndoe@domain.com).), empty-Password=MagnetoUser(email=webautomation25110419711@yopmail.com, password=, firstName=Ismael, lastName=Summer, confirmPassword=Testing@12345, errorMsg=This is a required field.), empty-ConfirmPassword=MagnetoUser(email=webautomation25110422311@yopmail.com, password=Testing@12345, firstName=Alita, lastName=Kyle, confirmPassword=, errorMsg=This is a required field.), minimum-LengthPassword=MagnetoUser(email=webautomation25110427511@yopmail.com, password=abc, firstName=Tanesha, lastName=Allen, confirmPassword=Testing@12345, errorMsg=Minimum length of this field must be equal or greater than 8 symbols. Leading and trailing spaces will be ignored.), alphaNumeric-Password=MagnetoUser(email=webautomation25110430311@yopmail.com, password=abcyy123, firstName=Eldon, lastName=Evalyn, confirmPassword=Testing@12345, errorMsg=Minimum of different classes of characters in password is 3. Classes of characters: Lower Case, Upper Case, Digits, Special Characters.)}](1)" classname="com.Jobsity.tests.SignupTest" time="125.444">
    <system-out><![CDATA[Actual Error: This is a required field.
Actual Error: Minimum length of this field must be equal or greater than 8 symbols. Leading and trailing spaces will be ignored.
Actual Error: Minimum of different classes of characters in password is 3. Classes of characters: Lower Case, Upper Case, Digits, Special Characters.
]]></system-out>
  </testcase>
</testsuite>