<?xml version="1.0" encoding="UTF-8"?>
<testng-results ignored="0" total="1" passed="1" failed="0" skipped="0">
  <reporter-output>
  </reporter-output>
  <suite started-at="2025-04-17T13:35:29 IST" name="Default suite" finished-at="2025-04-17T13:37:15 IST" duration-ms="106289">
    <groups>
    </groups>
    <test started-at="2025-04-17T13:35:29 IST" name="Default test" finished-at="2025-04-17T13:37:15 IST" duration-ms="106289">
      <class name="com.Jobsity.tests.OrderReturnTest">
        <test-method is-config="true" signature="suiteSetup()[pri:0, instance:com.Jobsity.tests.OrderReturnTest@235ecd9f]" started-at="2025-04-17T13:35:29 IST" name="suiteSetup" finished-at="2025-04-17T13:35:29 IST" duration-ms="224" status="PASS">
          <reporter-output>
          </reporter-output>
        </test-method> <!-- suiteSetup -->
        <test-method is-config="true" signature="Setup()[pri:0, instance:com.Jobsity.tests.OrderReturnTest@235ecd9f]" started-at="2025-04-17T13:35:29 IST" name="Setup" finished-at="2025-04-17T13:35:32 IST" duration-ms="2951" status="PASS">
          <reporter-output>
          </reporter-output>
        </test-method> <!-- Setup -->
        <test-method signature="verifyOrderReturnFormMsgs()[pri:0, instance:com.Jobsity.tests.OrderReturnTest@235ecd9f]" started-at="2025-04-17T13:35:32 IST" name="verifyOrderReturnFormMsgs" finished-at="2025-04-17T13:37:15 IST" duration-ms="102562" status="PASS">
          <reporter-output>
          </reporter-output>
        </test-method> <!-- verifyOrderReturnFormMsgs -->
        <test-method is-config="true" signature="tearDown()[pri:0, instance:com.Jobsity.tests.OrderReturnTest@235ecd9f]" started-at="2025-04-17T13:37:15 IST" name="tearDown" finished-at="2025-04-17T13:37:15 IST" duration-ms="685" status="PASS">
          <reporter-output>
          </reporter-output>
        </test-method> <!-- tearDown -->
      </class> <!-- com.Jobsity.tests.OrderReturnTest -->
    </test> <!-- Default test -->
  </suite> <!-- Default suite -->
</testng-results>
