<?xml version="1.0" encoding="UTF-8"?>
<testng-results ignored="0" total="2" passed="2" failed="0" skipped="0">
  <reporter-output>
  </reporter-output>
  <suite started-at="2025-04-14T15:35:16 IST" name="Suite" finished-at="2025-04-14T15:37:44 IST" duration-ms="147888">
    <groups>
    </groups>
    <test started-at="2025-04-14T15:35:16 IST" name="OrderReturnTest" finished-at="2025-04-14T15:36:33 IST" duration-ms="77193">
      <class name="com.Jobsity.tests.OrderReturnTest">
        <test-method is-config="true" signature="Setup()[pri:0, instance:com.Jobsity.tests.OrderReturnTest@3e27ba32]" started-at="2025-04-14T15:35:16 IST" name="Setup" finished-at="2025-04-14T15:35:17 IST" duration-ms="1455" status="PASS">
          <reporter-output>
          </reporter-output>
        </test-method> <!-- Setup -->
        <test-method signature="verifyOrderReturnFormMsgs()[pri:0, instance:com.Jobsity.tests.OrderReturnTest@3e27ba32]" started-at="2025-04-14T15:35:17 IST" name="verifyOrderReturnFormMsgs" finished-at="2025-04-14T15:36:33 IST" duration-ms="75515" status="PASS">
          <reporter-output>
          </reporter-output>
        </test-method> <!-- verifyOrderReturnFormMsgs -->
        <test-method is-config="true" signature="tearDown()[pri:0, instance:com.Jobsity.tests.OrderReturnTest@3e27ba32]" started-at="2025-04-14T15:36:33 IST" name="tearDown" finished-at="2025-04-14T15:36:33 IST" duration-ms="194" status="PASS">
          <reporter-output>
          </reporter-output>
        </test-method> <!-- tearDown -->
      </class> <!-- com.Jobsity.tests.OrderReturnTest -->
    </test> <!-- OrderReturnTest -->
    <test started-at="2025-04-14T15:35:16 IST" name="SignupTest" finished-at="2025-04-14T15:37:44 IST" duration-ms="147888">
      <class name="com.Jobsity.tests.SignupTest">
        <test-method is-config="true" signature="suiteSetup()[pri:0, instance:com.Jobsity.tests.SignupTest@609e8838]" started-at="2025-04-14T15:35:16 IST" name="suiteSetup" finished-at="2025-04-14T15:35:16 IST" duration-ms="76" status="PASS">
          <reporter-output>
          </reporter-output>
        </test-method> <!-- suiteSetup -->
        <test-method is-config="true" signature="Setup()[pri:0, instance:com.Jobsity.tests.SignupTest@609e8838]" started-at="2025-04-14T15:35:16 IST" name="Setup" finished-at="2025-04-14T15:35:17 IST" duration-ms="962" status="PASS">
          <reporter-output>
          </reporter-output>
        </test-method> <!-- Setup -->
        <test-method signature="verifySignupFormErrorMsgs(java.util.LinkedHashMap)[pri:0, instance:com.Jobsity.tests.SignupTest@609e8838]" started-at="2025-04-14T15:35:17 IST" name="verifySignupFormErrorMsgs" data-provider="getData" finished-at="2025-04-14T15:37:43 IST" duration-ms="146209" status="PASS">
          <params>
            <param index="0">
              <value>
                <![CDATA[{empty-FirstName =MagnetoUser(email=webautomation25160426516@yopmail.com, password=Testing@12345, firstName=, lastName=Kasandra, confirmPassword=Testing@12345, errorMsg=This is a required field.), empty-LastName=MagnetoUser(email=webautomation25160443516@yopmail.com, password=Testing@12345, firstName=Chase, lastName=, confirmPassword=Testing@12345, errorMsg=This is a required field.), empty-Email=MagnetoUser(email=, password=Testing@12345, firstName=Josh, lastName=Darby, confirmPassword=Testing@12345, errorMsg=This is a required field.), invalid-Email=MagnetoUser(email=abc@yopmail., password=Testing@12345, firstName=Letisha, lastName=Val, confirmPassword=Testing@12345, errorMsg=Please enter a valid email address (Ex: johndoe@domain.com).), empty-Password=MagnetoUser(email=webautomation25160453616@yopmail.com, password=, firstName=Laticia, lastName=Lyda, confirmPassword=Testing@12345, errorMsg=This is a required field.), empty-ConfirmPassword=MagnetoUser(email=webautomation25160456216@yopmail.com, password=Testing@12345, firstName=Janeth, lastName=Reynalda, confirmPassword=, errorMsg=This is a required field.), minimum-LengthPassword=MagnetoUser(email=webautomation25160461716@yopmail.com, password=abc, firstName=Tomasa, lastName=Julianna, confirmPassword=Testing@12345, errorMsg=Minimum length of this field must be equal or greater than 8 symbols. Leading and trailing spaces will be ignored.), alphaNumeric-Password=MagnetoUser(email=webautomation25160463816@yopmail.com, password=abcyy123, firstName=Sung, lastName=Cordell, confirmPassword=Testing@12345, errorMsg=Minimum of different classes of characters in password is 3. Classes of characters: Lower Case, Upper Case, Digits, Special Characters.)}]]>
              </value>
            </param>
          </params>
          <reporter-output>
          </reporter-output>
        </test-method> <!-- verifySignupFormErrorMsgs -->
        <test-method is-config="true" signature="tearDown()[pri:0, instance:com.Jobsity.tests.SignupTest@609e8838]" started-at="2025-04-14T15:37:43 IST" name="tearDown" finished-at="2025-04-14T15:37:44 IST" duration-ms="196" status="PASS">
          <reporter-output>
          </reporter-output>
        </test-method> <!-- tearDown -->
      </class> <!-- com.Jobsity.tests.SignupTest -->
    </test> <!-- SignupTest -->
  </suite> <!-- Suite -->
</testng-results>
